Logger started at: Monday, December 2, 2013 7:48:55 PM EST
Component: com.appcelerator.titanium.mobile
Version: 1.0.0.1379026748
[48:55.890] Sent: >21*1386031735886*version<
[48:55.892] Recv: >1386031735886*2*3.1.3.GA<
[48:55.896] Sent: >20*1386031735887*update<
[48:55.897] Recv: >1386031735887*3.1.3.GA<
[48:55.897] Sent: >45*1386031735888*option*stepFiltersEnabled*false<
[48:55.898] Recv: >1386031735888<
[48:55.898] Sent: >36*1386031735889*option*monitorXHR*true<
[48:55.898] Recv: >1386031735889<
[48:55.899] Sent: >45*1386031735890*option*suspendOnFirstLine*false<
[48:55.899] Recv: >1386031735890<
[48:55.899] Sent: >46*1386031735891*option*suspendOnExceptions*false<
[48:55.900] Recv: >1386031735891<
[48:55.900] Sent: >41*1386031735892*option*suspendOnErrors*true<
[48:55.900] Recv: >1386031735892<
[48:55.900] Sent: >43*1386031735893*option*suspendOnKeywords*true<
[48:55.901] Recv: >1386031735893<
[48:55.901] Sent: >45*1386031735894*option*bypassConstructors*false<
[48:55.901] Recv: >1386031735894<
[48:55.901] Sent: >45*1386031735895*option*stepFiltersEnabled*false<
[48:55.901] Recv: >1386031735895<
[48:55.902] Sent: >30*1386031735896*detailFormatters<
[48:55.902] Recv: >1386031735896<
[48:55.903] Sent: >20*1386031735897*enable<
[48:55.904] Recv: >1386031735897<
[48:55.907] Recv: >threads*created*0*kroll$1<
[48:55.909] Recv: >log*out*[DEBUG] Analytics is enabled = YES<
[48:55.910] Recv: >log*out*[DEBUG] Loading: /Users/jketch/Library/Application Support/iPhone Simulator/7.0.3/Applications/5ED2F017-CD25-4FC9-8302-3CFECFE00794/WindowViewLabel.app/app.js, Resource: app_js<
[48:55.910] Recv: >scripts*created*337893728|app:/app.js||1|46<
[48:55.911] Recv: >resumed*0*started<
[48:55.983] Recv: >log*out*[DEBUG] Application booted in 200.340986 ms<
----------End of file----------
